{"name": "test_successful_order[0-\\u0417\\u0430\\u043a\\u0430\\u0437 \\u043e\\u0444\\u043e\\u0440\\u043c\\u043b\\u0435\\u043d]", "status": "broken", "statusDetails": {"message": "selenium.common.exceptions.TimeoutException: Message: \nStacktrace:\n\tGetHandleVerifier [0x00007FF7730C5E42+3538674]\n\t(No symbol) [0x00007FF772CE4C02]\n\t(No symbol) [0x00007FF772B95AEB]\n\t(No symbol) [0x00007FF772BDBF4E]\n\t(No symbol) [0x00007FF772BDC0CC]\n\t(No symbol) [0x00007FF772C1E477]\n\t(No symbol) [0x00007FF772BFF0EF]\n\t(No symbol) [0x00007FF772C1BDE3]\n\t(No symbol) [0x00007FF772BFEE53]\n\t(No symbol) [0x00007FF772BCF514]\n\t(No symbol) [0x00007FF772BD0631]\n\tGetHandleVerifier [0x00007FF7730F6CAD+3738973]\n\tGetHandleVerifier [0x00007FF77314C506+4089270]\n\tGetHandleVerifier [0x00007FF773144823+4057299]\n\tGetHandleVerifier [0x00007FF772E15C49+720121]\n\t(No symbol) [0x00007FF772CF126F]\n\t(No symbol) [0x00007FF772CEC304]\n\t(No symbol) [0x00007FF772CEC432]\n\t(No symbol) [0x00007FF772CDBD04]\n\tBaseThreadInitThunk [0x00007FFCCB0E257D+29]\n\tRtlUserThreadStart [0x00007FFCCC5EAA58+40]", "trace": "self = <test_page_object.tests.test_order_page.TestOrderPage object at 0x0000024AB32ADD80>\ndriver = <selenium.webdriver.chrome.webdriver.WebDriver (session=\"686ccc39457ddbfa38fff2c8cd2a8f12\")>, q_num = 0, expected_result = 'Заказ оформлен'\n\n    @pytest.mark.parametrize(\n        \"q_num, expected_result\",\n        [\n            (0, OrderAnswer.ANSWER_0)\n        ]\n    )\n    def test_successful_order(self, driver, q_num, expected_result):\n        main_page = OrderPage(driver)\n>       main_page.take_successful_order(MainPageLocators.BUTTON_ORDER_TOP,\n                                        OrderPageLocators.BUTTON_NEXT,\n                                        OrderPageLocators.NAME_FIELD,\n                                        OrderAnswer.NAME_1,\n                                        OrderPageLocators.SECOND_NAME_FIELD,\n                                        OrderAnswer.SECOND_NAME_1,\n                                        OrderPageLocators.ADRESS_FIELD,\n                                        OrderAnswer.ADRESS,\n                                        OrderPageLocators.METRO_FIELD,\n                                        OrderPageLocators.METRO_STATION,\n                                        OrderPageLocators.PHONE_FIELD,\n                                        OrderAnswer.PHONE)\n\ntest_page_object\\tests\\test_order_page.py:20: \n_ _ _ _ _ _ _ _ _ _ _ _ _ _ _ _ _ _ _ _ _ _ _ _ _ _ _ _ _ _ _ _ _ _ _ _ _ _ _ _ _ _ _ _ _ _ _ _ _ _ _ _ _ _ _ _ _ _ _ _ _ _ _ _ _ _ _ _ _ _ _ _ _ _ _ _ _ _ _ _ \ntest_page_object\\pages\\order_page.py:21: in take_successful_order\n    OrderPage.first_fil(self,\ntest_page_object\\pages\\order_page.py:69: in first_fil\n    element = self.find_element_with_wait((method_q, locator_q))\ntest_page_object\\pages\\base_page.py:11: in find_element_with_wait\n    until(expected_conditions.visibility_of_element_located(locator)))\n_ _ _ _ _ _ _ _ _ _ _ _ _ _ _ _ _ _ _ _ _ _ _ _ _ _ _ _ _ _ _ _ _ _ _ _ _ _ _ _ _ _ _ _ _ _ _ _ _ _ _ _ _ _ _ _ _ _ _ _ _ _ _ _ _ _ _ _ _ _ _ _ _ _ _ _ _ _ _ _ \n\nself = <selenium.webdriver.support.wait.WebDriverWait (session=\"686ccc39457ddbfa38fff2c8cd2a8f12\")>\nmethod = <function visibility_of_element_located.<locals>._predicate at 0x0000024AB32B5120>, message = ''\n\n    def until(self, method, message: str = \"\"):\n        \"\"\"Calls the method provided with the driver as an argument until the \\\n        return value does not evaluate to ``False``.\n    \n        :param method: callable(WebDriver)\n        :param message: optional message for :exc:`TimeoutException`\n        :returns: the result of the last call to `method`\n        :raises: :exc:`selenium.common.exceptions.TimeoutException` if timeout occurs\n        \"\"\"\n        screen = None\n        stacktrace = None\n    \n        end_time = time.monotonic() + self._timeout\n        while True:\n            try:\n                value = method(self._driver)\n                if value:\n                    return value\n            except self._ignored_exceptions as exc:\n                screen = getattr(exc, \"screen\", None)\n                stacktrace = getattr(exc, \"stacktrace\", None)\n            time.sleep(self._poll)\n            if time.monotonic() > end_time:\n                break\n>       raise TimeoutException(message, screen, stacktrace)\nE       selenium.common.exceptions.TimeoutException: Message: \nE       Stacktrace:\nE       \tGetHandleVerifier [0x00007FF7730C5E42+3538674]\nE       \t(No symbol) [0x00007FF772CE4C02]\nE       \t(No symbol) [0x00007FF772B95AEB]\nE       \t(No symbol) [0x00007FF772BDBF4E]\nE       \t(No symbol) [0x00007FF772BDC0CC]\nE       \t(No symbol) [0x00007FF772C1E477]\nE       \t(No symbol) [0x00007FF772BFF0EF]\nE       \t(No symbol) [0x00007FF772C1BDE3]\nE       \t(No symbol) [0x00007FF772BFEE53]\nE       \t(No symbol) [0x00007FF772BCF514]\nE       \t(No symbol) [0x00007FF772BD0631]\nE       \tGetHandleVerifier [0x00007FF7730F6CAD+3738973]\nE       \tGetHandleVerifier [0x00007FF77314C506+4089270]\nE       \tGetHandleVerifier [0x00007FF773144823+4057299]\nE       \tGetHandleVerifier [0x00007FF772E15C49+720121]\nE       \t(No symbol) [0x00007FF772CF126F]\nE       \t(No symbol) [0x00007FF772CEC304]\nE       \t(No symbol) [0x00007FF772CEC432]\nE       \t(No symbol) [0x00007FF772CDBD04]\nE       \tBaseThreadInitThunk [0x00007FFCCB0E257D+29]\nE       \tRtlUserThreadStart [0x00007FFCCC5EAA58+40]\n\nC:\\Users\\79527\\AppData\\Local\\Programs\\Python\\Python310\\lib\\site-packages\\selenium\\webdriver\\support\\wait.py:95: TimeoutException"}, "parameters": [{"name": "q_num", "value": "0"}, {"name": "expected_result", "value": "'Заказ оформлен'"}], "start": 1708879018456, "stop": 1708879023925, "uuid": "9b7f8a1e-83f0-4dff-9db7-e92f828e1f34", "historyId": "61443dae71dea2c2e20b6baceca1f633", "testCaseId": "326e35c6c13faccf2d37db0770f7a1f9", "fullName": "test_page_object.tests.test_order_page.TestOrderPage#test_successful_order", "labels": [{"name": "parentSuite", "value": "test_page_object.tests"}, {"name": "suite", "value": "test_order_page"}, {"name": "subSuite", "value": "TestOrderPage"}, {"name": "host", "value": "LAPTOP-KS9V29SF"}, {"name": "thread", "value": "32712-MainThread"}, {"name": "framework", "value": "pytest"}, {"name": "language", "value": "cpython3"}, {"name": "package", "value": "test_page_object.tests.test_order_page"}]}